0 info it worked if it ends with ok
1 verbose cli [ 'node', '/usr/local/bin/npm', 'start' ]
2 info using npm@1.1.35
3 info using node@v0.8.1
4 verbose node symlink /usr/local/bin/node
5 verbose config file /Users/ndoiron404/.npmrc
6 verbose config file /usr/local/etc/npmrc
7 verbose config file /usr/local/lib/node_modules/npm/npmrc
8 verbose read json /Users/ndoiron404/Documents/mapplz/package.json
9 verbose run-script [ 'prestart', 'start', 'poststart' ]
10 info prestart MapPLZ@0.0.1
11 info start MapPLZ@0.0.1
12 verbose unsafe-perm in lifecycle true
13 silly exec sh "-c" "node app.js"
14 silly sh,-c,node app.js,/Users/ndoiron404/Documents/mapplz spawning
15 info MapPLZ@0.0.1 Failed to exec start script
16 error MapPLZ@0.0.1 start: `node app.js`
16 error `sh "-c" "node app.js"` failed with 1
17 error Failed at the MapPLZ@0.0.1 start script.
17 error This is most likely a problem with the MapPLZ package,
17 error not with npm itself.
17 error Tell the author that this fails on your system:
17 error     node app.js
17 error You can get their info via:
17 error     npm owner ls MapPLZ
17 error There is likely additional logging output above.
18 error System Darwin 11.4.2
19 error command "node" "/usr/local/bin/npm" "start"
20 error cwd /Users/ndoiron404/Documents/mapplz
21 error node -v v0.8.1
22 error npm -v 1.1.35
23 error code ELIFECYCLE
24 error message MapPLZ@0.0.1 start: `node app.js`
24 error message `sh "-c" "node app.js"` failed with 1
25 verbose exit [ 1, true ]
